{"title":"Colin Watson: Free software activity in January 2026","path":"/~cjwatson/blog/activity-2026-01.html","site":"https://www.chiark.greenend.org.uk","atUri":"at://did:plc:46ti67tc37qcmwp2vaynk6fq/site.standard.document/3meevxtz5ige2","publishedAt":"2026-02-08T21:48:29.321Z","tags":"sponsored;GitHub Sponsors;Freexian;several other lovely people;Liberapay;GitHub Sponsors;use of `pkg_resources`;build failure with Python 3.14;build failure with Python 3.14;regression that broke markdown-callouts;reported upstream;pytest-runner;python-b2sdk;build failure with Python 3.14;build failure with Python 3.14;build failure with a new pyflakes version;contributed supporting fix upstream;build failure with Python 3.14;build failure with Python 3.14;use of `pkg_resources`;use of `pkg_resources`;build failure with Python 3.14;Python 3.14 failure in python-klein;contributed upstream;build failure with Python 3.14;pdfposter;contributed upstream;pexpect;poetry;pyhamcrest;pylint-gitlab;python-astor;python-easydev;contributed upstream;python-forbiddenfruit;python-ibm-cloud-sdk-core;python-iniparse;python-libusb1;python-marshmallow-dataclass;contributed upstream;python-marshmallow;python-opentracing;python-opt-einsum-fx;python-spdx-tools;python-stopit;rich;NMU of textual;scikit-build-core;seqdiag;uncertainties;yarsync;contributed upstream;supporting fix;pyee;contributed upstream;python-django-celery-beat;contributed upstream;python-overrides;deprecated;beaker;coreapi;cppy;depthcharge-tools;contributed upstream;errbot;gajim-antispam;gajim-lengthnotifier;gajim-openpgp;gajim-pgp;gajim-triggers;grapefruit;impacket;contributed upstream;jupyter-packaging;khal;pipenv;pyroma;pytest-runner;pytest-tornado;python-airr;python-aptly;python-docxcompose;python-hatch-mypyc;python-pyfunceble;python-stopit;python-ttfautohint-py;setuptools-scm;slimit;sphinx-togglebutton;topplot;contributed upstream;valinor;audioop-lts: FTBFS: ValueError: major component is required;basemap: Tries to access Internet during build;celery: FTBFS: FAILED t/unit/backends/test_mongodb.py::test_MongoBackend::test_store_result;contributed upstream;django-allauth: FTBFS: AttributeError: module ‘fido2.features’ has no attribute ‘webauthn_json_mapping’;django-tastypie;m2crypto: FTBFS on armhf: AssertionError: 64 != 32;magicgui;pytest-mypy-testing;python-asttokens;python-distutils-extra: FTBFS: dpkg-buildpackage: error: debian/rules binary subprocess failed with exit status 2;python-django-extensions: FTBFS: FAILED tests/templatetags/test_highlighting.py::HighlightTagTests::test_should_highlight_python_syntax_with_name;python-gmpy2: FTBFS: ModuleNotFoundError: No module named ‘gmpy2’;python-jpype: FTBFS on i386, armhf: test/jpypetest/test_buffer.py:394: TypeError;contributed upstream;python-maturin: Upcoming target-lexicon update;traitlets;contributed upstream;unattended-upgrades: FTBFS: F824 `global logged_msgs` is unused: name is never assigned in scope;aiozmq;mkdocstrings-python-legacy;python-djantic;magicgui: Directly Depends and Build-Depends on dbus;python3-netsnmpagent: Rebuild for libsnmp45;fixed it upstream;ubuntu-dev-tools patch to stop recommending `sudo`;added forky support;netcfg: Support SSIDs with /, write correct wifi to /etc/network/interfaces;openssh: [INTL:zh] Chinese debconf templates translations;smart-open: Please make the build reproducible;uvloop: FTBFS on riscv64 with Python 3.14 as supported"}